<?xml version="1.0" encoding="UTF-8" standalone="no"?><testsuite errors="1" failures="1" name="Reserva de viaje en Testim.io" skipped="0" tests="2" time="54.73" timestamp="2026-06-12 07:20:16"><testcase name="Reservar un viaje exitosamente"><error message="Archivo no encontrado: C:\Users\Usuario\Documents\1920px-EAN13.svg.png" type="java.lang.IllegalArgumentException">Archivo no encontrado: C:\Users\Usuario\Documents\1920px-EAN13.svg.png</error><system-err>Archivo no encontrado: C:\Users\Usuario\Documents\1920px-EAN13.svg.png&#13;
org.example.interactions.CargarArchivo.performAs(CargarArchivo.java:34)&#13;
org.example.tasks.AdjuntarArchivo.performAs(AdjuntarArchivo.java:21)&#13;
org.example.stepdefinitions.ReservaViajeStepDefinitions.adjuntarArchivo(ReservaViajeStepDefinitions.java:68)&#13;
✽.adjunta el archivo "C:\Users\Usuario\Documents\1920px-EAN13.svg.png"(classpath:features/reserva_viaje.feature:13)&#13;
</system-err></testcase></testsuite>